;  LST file generated by mikroListExporter - v.2.0 
; Date/Time: 13.11.2024 16:49:38
;----------------------------------------------

;Address Opcode 	ASM
0x0000	0x281C      	GOTO       28
_interrupt:
0x0004	0x00FF      	MOVWF      R15
0x0005	0x0E03      	SWAPF      STATUS, 0
0x0006	0x0183      	CLRF       STATUS
0x0007	0x00A6      	MOVWF      ___saveSTATUS
0x0008	0x080A      	MOVF       PCLATH, 0
0x0009	0x00A7      	MOVWF      ___savePCLATH
0x000A	0x018A      	CLRF       PCLATH
;Uygulamal12.c,3 :: 		void interrupt(){
;Uygulamal12.c,5 :: 		adc_cikis=ADRESH;
0x000B	0x081E      	MOVF       ADRESH, 0
0x000C	0x00A2      	MOVWF      _adc_cikis
0x000D	0x01A3      	CLRF       _adc_cikis+1
;Uygulamal12.c,6 :: 		cikis2=ADRESL;
0x000E	0x1683      	BSF        STATUS, 5
0x000F	0x081E      	MOVF       ADRESL, 0
0x0010	0x1283      	BCF        STATUS, 5
0x0011	0x00A4      	MOVWF      _cikis2
0x0012	0x01A5      	CLRF       _cikis2+1
;Uygulamal12.c,7 :: 		PIR1.ADIF=0;
0x0013	0x130C      	BCF        PIR1, 6
;Uygulamal12.c,8 :: 		ADCON0.GO=1;
0x0014	0x151F      	BSF        ADCON0, 2
;Uygulamal12.c,9 :: 		}
L_end_interrupt:
L__interrupt3:
0x0015	0x0827      	MOVF       ___savePCLATH, 0
0x0016	0x008A      	MOVWF      PCLATH
0x0017	0x0E26      	SWAPF      ___saveSTATUS, 0
0x0018	0x0083      	MOVWF      STATUS
0x0019	0x0EFF      	SWAPF      R15, 1
0x001A	0x0E7F      	SWAPF      R15, 0
0x001B	0x0009      	RETFIE
; end of _interrupt
_main:
;Uygulamal12.c,12 :: 		void main() {
;Uygulamal12.c,13 :: 		ADCON1=0X4E;// 0100 1110 ADFM=0 (ADC ÇIKIÞI SOLA YASLI-ADRESH), ADCS2=1 PCFG3:0 (A PORTUNUN 0 NOLU PÝNÝ ANALOG DÝÐERLERÝ DÝJÝTAL)
0x001C	0x304E      	MOVLW      78
0x001D	0x1683      	BSF        STATUS, 5
0x001E	0x1303      	BCF        STATUS, 6
0x001F	0x009F      	MOVWF      ADCON1
;Uygulamal12.c,14 :: 		ADCON0=0X45;// ADCS1=0, ADCS0=1, AN0 I SEÇMEK ÝÇÝN CHS2:0 ARASINI 000 YAPTIK, GO/DONE=1, ADON=1;
0x0020	0x3045      	MOVLW      69
0x0021	0x1283      	BCF        STATUS, 5
0x0022	0x009F      	MOVWF      ADCON0
;Uygulamal12.c,16 :: 		PIR1.ADIF=0;//ADC NÝN ÜRETECEÐÝ KESME BAYRAÐINI SIFIRLAMA
0x0023	0x130C      	BCF        PIR1, 6
;Uygulamal12.c,17 :: 		PIE1.ADIE=1;//ADC NÝN KESME ÜRETMESÝNÝ ENABLE ETMEK.
0x0024	0x1683      	BSF        STATUS, 5
0x0025	0x170C      	BSF        PIE1, 6
;Uygulamal12.c,18 :: 		INTCON.PEIE=1;
0x0026	0x170B      	BSF        INTCON, 6
;Uygulamal12.c,19 :: 		INTCON.GIE=1;
0x0027	0x178B      	BSF        INTCON, 7
;Uygulamal12.c,21 :: 		TRISD=0;
0x0028	0x0188      	CLRF       TRISD
;Uygulamal12.c,22 :: 		PORTD=0;
0x0029	0x1283      	BCF        STATUS, 5
0x002A	0x0188      	CLRF       PORTD
;Uygulamal12.c,24 :: 		TRISA=1;
0x002B	0x3001      	MOVLW      1
0x002C	0x1683      	BSF        STATUS, 5
0x002D	0x0085      	MOVWF      TRISA
;Uygulamal12.c,25 :: 		TRISB=0;
0x002E	0x0186      	CLRF       TRISB
;Uygulamal12.c,26 :: 		PORTB=0;
0x002F	0x1283      	BCF        STATUS, 5
0x0030	0x0186      	CLRF       PORTB
;Uygulamal12.c,28 :: 		while(1){
L_main0:
;Uygulamal12.c,29 :: 		PORTB=adc_cikis;
0x0031	0x0822      	MOVF       _adc_cikis, 0
0x0032	0x0086      	MOVWF      PORTB
;Uygulamal12.c,30 :: 		PORTD=cikis2;
0x0033	0x0824      	MOVF       _cikis2, 0
0x0034	0x0088      	MOVWF      PORTD
;Uygulamal12.c,31 :: 		}
0x0035	0x2831      	GOTO       L_main0
;Uygulamal12.c,32 :: 		}
L_end_main:
0x0036	0x2836      	GOTO       $+0
; end of _main
Symbol List:
//** Routines locations **
//ADDRESS    SIZE    PROCEDURE
//----------------------------------------------
0x0004      [24]    _interrupt
0x001C      [27]    _main
//** Variables locations ** 
//ADDRESS    SIZE    VARIABLE
//----------------------------------------------
0x0000       [1]    INDF
0x0003       [1]    STATUS
0x0004       [1]    FSR
0x0006       [1]    PORTB
0x0008       [1]    PORTD
0x000A       [1]    PCLATH
0x000B       [1]    INTCON
0x000C       [1]    PIR1
0x001E       [1]    ADRESH
0x001F       [1]    ADCON0
0x0020       [2]    ___DoICPAddr
0x0022       [2]    _adc_cikis
0x0024       [2]    _cikis2
0x0026       [1]    ___saveSTATUS
0x0027       [1]    ___savePCLATH
0x0070       [1]    R0
0x0071       [1]    R1
0x0072       [1]    R2
0x0073       [1]    R3
0x0074       [1]    R4
0x0075       [1]    R5
0x0076       [1]    R6
0x0077       [1]    R7
0x0078       [1]    R8
0x0079       [1]    R9
0x007A       [1]    R10
0x007B       [1]    R11
0x007C       [1]    R12
0x007D       [1]    R13
0x007E       [1]    R14
0x007F       [1]    R15
0x0085       [1]    TRISA
0x0086       [1]    TRISB
0x0088       [1]    TRISD
0x008C       [1]    PIE1
0x009E       [1]    ADRESL
0x009F       [1]    ADCON1
