;  LST file generated by mikroListExporter - v.2.0 
; Date/Time: 30.10.2024 17:00:10
;----------------------------------------------

;Address Opcode 	ASM
0x0000	0x2856      	GOTO       86
_mod2:
;Uygulama10.c,12 :: 		void mod2(){
;Uygulama10.c,13 :: 		PORTB=0XFF;
0x0003	0x30FF      	MOVLW      255
0x0004	0x1283      	BCF        STATUS, 5
0x0005	0x1303      	BCF        STATUS, 6
0x0006	0x0086      	MOVWF      PORTB
;Uygulama10.c,14 :: 		Delay_ms(1000);
0x0007	0x300B      	MOVLW      11
0x0008	0x00FB      	MOVWF      R11
0x0009	0x3026      	MOVLW      38
0x000A	0x00FC      	MOVWF      R12
0x000B	0x305D      	MOVLW      93
0x000C	0x00FD      	MOVWF      R13
L_mod26:
0x000D	0x0BFD      	DECFSZ     R13, 1
0x000E	0x280D      	GOTO       L_mod26
0x000F	0x0BFC      	DECFSZ     R12, 1
0x0010	0x280D      	GOTO       L_mod26
0x0011	0x0BFB      	DECFSZ     R11, 1
0x0012	0x280D      	GOTO       L_mod26
0x0013	0x0000      	NOP
0x0014	0x0000      	NOP
;Uygulama10.c,15 :: 		PORTB=0X00;
0x0015	0x0186      	CLRF       PORTB
;Uygulama10.c,16 :: 		Delay_ms(1000);
0x0016	0x300B      	MOVLW      11
0x0017	0x00FB      	MOVWF      R11
0x0018	0x3026      	MOVLW      38
0x0019	0x00FC      	MOVWF      R12
0x001A	0x305D      	MOVLW      93
0x001B	0x00FD      	MOVWF      R13
L_mod27:
0x001C	0x0BFD      	DECFSZ     R13, 1
0x001D	0x281C      	GOTO       L_mod27
0x001E	0x0BFC      	DECFSZ     R12, 1
0x001F	0x281C      	GOTO       L_mod27
0x0020	0x0BFB      	DECFSZ     R11, 1
0x0021	0x281C      	GOTO       L_mod27
0x0022	0x0000      	NOP
0x0023	0x0000      	NOP
;Uygulama10.c,17 :: 		}
L_end_mod2:
0x0024	0x0008      	RETURN
; end of _mod2
_mod1:
;Uygulama10.c,3 :: 		void mod1(){
;Uygulama10.c,4 :: 		if(PORTB==0||PORTB==128){
0x0025	0x1283      	BCF        STATUS, 5
0x0026	0x1303      	BCF        STATUS, 6
0x0027	0x0806      	MOVF       PORTB, 0
0x0028	0x3A00      	XORLW      0
0x0029	0x1903      	BTFSC      STATUS, 2
0x002A	0x2830      	GOTO       L__mod116
0x002B	0x0806      	MOVF       PORTB, 0
0x002C	0x3A80      	XORLW      128
0x002D	0x1903      	BTFSC      STATUS, 2
0x002E	0x2830      	GOTO       L__mod116
0x002F	0x2841      	GOTO       L_mod12
L__mod116:
;Uygulama10.c,5 :: 		PORTB=1;
0x0030	0x3001      	MOVLW      1
0x0031	0x0086      	MOVWF      PORTB
;Uygulama10.c,6 :: 		Delay_ms(1000);
0x0032	0x300B      	MOVLW      11
0x0033	0x00FB      	MOVWF      R11
0x0034	0x3026      	MOVLW      38
0x0035	0x00FC      	MOVWF      R12
0x0036	0x305D      	MOVLW      93
0x0037	0x00FD      	MOVWF      R13
L_mod13:
0x0038	0x0BFD      	DECFSZ     R13, 1
0x0039	0x2838      	GOTO       L_mod13
0x003A	0x0BFC      	DECFSZ     R12, 1
0x003B	0x2838      	GOTO       L_mod13
0x003C	0x0BFB      	DECFSZ     R11, 1
0x003D	0x2838      	GOTO       L_mod13
0x003E	0x0000      	NOP
0x003F	0x0000      	NOP
;Uygulama10.c,7 :: 		}else{
0x0040	0x2855      	GOTO       L_mod14
L_mod12:
;Uygulama10.c,8 :: 		PORTB=PORTB<<1;
0x0041	0x0806      	MOVF       PORTB, 0
0x0042	0x00F0      	MOVWF      R0
0x0043	0x0DF0      	RLF        R0, 1
0x0044	0x1070      	BCF        R0, 0
0x0045	0x0870      	MOVF       R0, 0
0x0046	0x0086      	MOVWF      PORTB
;Uygulama10.c,9 :: 		Delay_ms(1000);
0x0047	0x300B      	MOVLW      11
0x0048	0x00FB      	MOVWF      R11
0x0049	0x3026      	MOVLW      38
0x004A	0x00FC      	MOVWF      R12
0x004B	0x305D      	MOVLW      93
0x004C	0x00FD      	MOVWF      R13
L_mod15:
0x004D	0x0BFD      	DECFSZ     R13, 1
0x004E	0x284D      	GOTO       L_mod15
0x004F	0x0BFC      	DECFSZ     R12, 1
0x0050	0x284D      	GOTO       L_mod15
0x0051	0x0BFB      	DECFSZ     R11, 1
0x0052	0x284D      	GOTO       L_mod15
0x0053	0x0000      	NOP
0x0054	0x0000      	NOP
;Uygulama10.c,10 :: 		}
L_mod14:
;Uygulama10.c,11 :: 		}
L_end_mod1:
0x0055	0x0008      	RETURN
; end of _mod1
_main:
;Uygulama10.c,18 :: 		void main() {
;Uygulama10.c,19 :: 		TRISB=0X00;
0x0056	0x1683      	BSF        STATUS, 5
0x0057	0x1303      	BCF        STATUS, 6
0x0058	0x0186      	CLRF       TRISB
;Uygulama10.c,20 :: 		TRISD=0X03;
0x0059	0x3003      	MOVLW      3
0x005A	0x0088      	MOVWF      TRISD
;Uygulama10.c,21 :: 		PORTB=0X00;
0x005B	0x1283      	BCF        STATUS, 5
0x005C	0x0186      	CLRF       PORTB
;Uygulama10.c,22 :: 		while(1){
L_main8:
0x005D	0x1283      	BCF        STATUS, 5
;Uygulama10.c,23 :: 		if(PORTD.F0==1){
0x005E	0x1C08      	BTFSS      PORTD, 0
0x005F	0x2863      	GOTO       L_main10
;Uygulama10.c,24 :: 		yon=0;
0x0060	0x1683      	BSF        STATUS, 5
0x0061	0x1007      	BCF        TRISC, 0
;Uygulama10.c,25 :: 		}else if(PORTD.F1==1){
0x0062	0x2868      	GOTO       L_main11
L_main10:
0x0063	0x1283      	BCF        STATUS, 5
0x0064	0x1C88      	BTFSS      PORTD, 1
0x0065	0x2868      	GOTO       L_main12
;Uygulama10.c,26 :: 		yon=1;
0x0066	0x1683      	BSF        STATUS, 5
0x0067	0x1407      	BSF        TRISC, 0
;Uygulama10.c,27 :: 		}
L_main12:
L_main11:
0x0068	0x1683      	BSF        STATUS, 5
;Uygulama10.c,28 :: 		if(yon==1){
0x0069	0x1C07      	BTFSS      TRISC, 0
0x006A	0x286D      	GOTO       L_main13
;Uygulama10.c,29 :: 		mod2();
0x006B	0x2003      	CALL       _mod2
;Uygulama10.c,30 :: 		}else if(yon==0){
0x006C	0x2871      	GOTO       L_main14
L_main13:
0x006D	0x1683      	BSF        STATUS, 5
0x006E	0x1807      	BTFSC      TRISC, 0
0x006F	0x2871      	GOTO       L_main15
;Uygulama10.c,31 :: 		mod1();
0x0070	0x2025      	CALL       _mod1
;Uygulama10.c,32 :: 		}
L_main15:
L_main14:
;Uygulama10.c,33 :: 		}
0x0071	0x285D      	GOTO       L_main8
;Uygulama10.c,34 :: 		}
L_end_main:
0x0072	0x2872      	GOTO       $+0
; end of _main
Symbol List:
//** Routines locations **
//ADDRESS    SIZE    PROCEDURE
//----------------------------------------------
0x0003      [34]    _mod2
0x0025      [49]    _mod1
0x0056      [29]    _main
//** Variables locations ** 
//ADDRESS    SIZE    VARIABLE
//----------------------------------------------
0x0000       [1]    INDF
0x0003       [1]    STATUS
0x0004       [1]    FSR
0x0006       [1]    PORTB
0x0008       [1]    PORTD
0x000A       [1]    PCLATH
0x0020       [2]    ___DoICPAddr
0x0070       [1]    R0
0x0071       [1]    R1
0x0072       [1]    R2
0x0073       [1]    R3
0x0074       [1]    R4
0x0075       [1]    R5
0x0076       [1]    R6
0x0077       [1]    R7
0x0078       [1]    R8
0x0079       [1]    R9
0x007A       [1]    R10
0x007B       [1]    R11
0x007C       [1]    R12
0x007D       [1]    R13
0x007E       [1]    R14
0x007F       [1]    R15
0x0086       [1]    TRISB
0x0087       [0]    yon
0x0087       [1]    TRISC
0x0088       [1]    TRISD
